Using pre-set license
Built from '2020.3/staging' branch; Version is '2020.3.11f1 (99c7afb366b3) revision 10078127'; Using compiler version '192528614'; Build Type 'Release'
OS: 'Windows 10 Education; OS build 19041.985; Version 2004; 64bit' Language: 'ko' Physical Memory: 16313 MB
BatchMode: 1, IsHumanControllingUs: 0, StartBugReporterOnCrash: 0, Is64bit: 1, IsPro: 0

 COMMAND LINE ARGUMENTS:
C:\Program Files\Unity\Hub\Editor\2020.3.11f1\Editor\Unity.exe
-adb2
-batchMode
-noUpm
-name
AssetImportWorker0
-projectPath
D:/Unity/unity-2dgame-practice/2DGmaePractice
-logFile
Logs/AssetImportWorker0.log
-srvPort
7752
Successfully changed project path to: D:/Unity/unity-2dgame-practice/2DGmaePractice
D:/Unity/unity-2dgame-practice/2DGmaePractice
Using Asset Import Pipeline V2.
Refreshing native plugins compatible for Editor in 37.13 ms, found 3 plugins.
Preloading 0 native plugins for Editor in 0.00 ms.
Initialize engine version: 2020.3.11f1 (99c7afb366b3)
[Subsystems] Discovering subsystems at path C:/Program Files/Unity/Hub/Editor/2020.3.11f1/Editor/Data/Resources/UnitySubsystems
[Subsystems] Discovering subsystems at path D:/Unity/unity-2dgame-practice/2DGmaePractice/Assets
GfxDevice: creating device client; threaded=0
Direct3D:
    Version:  Direct3D 11.0 [level 11.1]
    Renderer: NVIDIA GeForce RTX 2060 SUPER (ID=0x1f06)
    Vendor:   
    VRAM:     8031 MB
    Driver:   27.21.14.5671
Initialize mono
Mono path[0] = 'C:/Program Files/Unity/Hub/Editor/2020.3.11f1/Editor/Data/Managed'
Mono path[1] = 'C:/Program Files/Unity/Hub/Editor/2020.3.11f1/Editor/Data/MonoBleedingEdge/lib/mono/unityjit'
Mono config path = 'C:/Program Files/Unity/Hub/Editor/2020.3.11f1/Editor/Data/MonoBleedingEdge/etc'
Using monoOptions --debugger-agent=transport=dt_socket,embedding=1,server=y,suspend=n,address=127.0.0.1:56836
Begin MonoManager ReloadAssembly
Registering precompiled unity dll's ...
Register platform support module: C:/Program Files/Unity/Hub/Editor/2020.3.11f1/Editor/Data/PlaybackEngines/WebGLSupport/UnityEditor.WebGL.Extensions.dll
Register platform support module: C:/Program Files/Unity/Hub/Editor/2020.3.11f1/Editor/Data/PlaybackEngines/WindowsStandaloneSupport/UnityEditor.WindowsStandalone.Extensions.dll
Registered in 0.002521 seconds.
Native extension for WindowsStandalone target not found
Native extension for WebGL target not found
Refreshing native plugins compatible for Editor in 37.24 ms, found 3 plugins.
Preloading 0 native plugins for Editor in 0.00 ms.
Mono: successfully reloaded assembly
- Completed reload, in  1.025 seconds
Platform modules already initialized, skipping
Registering precompiled user dll's ...
Registered in 0.003023 seconds.
Begin MonoManager ReloadAssembly
OnLevelWasLoaded was found on GameManager1
This message has been deprecated and will be removed in a later version of Unity.
Add a delegate to SceneManager.sceneLoaded instead to get notifications after scene loading has completed

Native extension for WindowsStandalone target not found
Native extension for WebGL target not found
Refreshing native plugins compatible for Editor in 37.00 ms, found 3 plugins.
Preloading 0 native plugins for Editor in 0.00 ms.
Mono: successfully reloaded assembly
- Completed reload, in  0.949 seconds
Platform modules already initialized, skipping
========================================================================
Worker process is ready to serve import requests
Launched and connected shader compiler UnityShaderCompiler.exe after 0.04 seconds
Refreshing native plugins compatible for Editor in 0.48 ms, found 3 plugins.
Preloading 0 native plugins for Editor in 0.00 ms.
Unloading 2100 Unused Serialized files (Serialized files now loaded: 0)
System memory in use before: 93.7 MB.
System memory in use after: 93.6 MB.

Unloading 33 unused Assets to reduce memory usage. Loaded Objects now: 2535.
Total: 2.072000 ms (FindLiveObjects: 0.199400 ms CreateObjectMapping: 0.054800 ms MarkObjects: 1.694600 ms  DeleteObjects: 0.122400 ms)

========================================================================
Received Import Request.
  path: Assets/_Complete-Game/Prefabs
  artifactKey: Guid(f6dcf88a90e2baa469935f07cb420796) Importer(815301076,1909f56bfc062723c751e8b465ee728b)
Start importing Assets/_Complete-Game/Prefabs using Guid(f6dcf88a90e2baa469935f07cb420796) Importer(815301076,1909f56bfc062723c751e8b465ee728b)  -> (artifact id: '83970853b416fbe4d07390fed19cd7b8') in 0.008103 seconds
  Import took 0.011002 seconds .

========================================================================
Received Prepare
Registering precompiled user dll's ...
Registered in 0.003020 seconds.
Begin MonoManager ReloadAssembly
Native extension for WindowsStandalone target not found
Native extension for WebGL target not found
Refreshing native plugins compatible for Editor in 0.50 ms, found 3 plugins.
Preloading 0 native plugins for Editor in 0.00 ms.
Mono: successfully reloaded assembly
- Completed reload, in  0.844 seconds
Platform modules already initialized, skipping
OnLevelWasLoaded was found on GameManager1
This message has been deprecated and will be removed in a later version of Unity.
Add a delegate to SceneManager.sceneLoaded instead to get notifications after scene loading has completed

Refreshing native plugins compatible for Editor in 0.49 ms, found 3 plugins.
Preloading 0 native plugins for Editor in 0.00 ms.
Unloading 2095 Unused Serialized files (Serialized files now loaded: 0)
System memory in use before: 93.6 MB.
System memory in use after: 93.6 MB.

Unloading 21 unused Assets to reduce memory usage. Loaded Objects now: 2539.
Total: 2.024900 ms (FindLiveObjects: 0.196100 ms CreateObjectMapping: 0.054100 ms MarkObjects: 1.670400 ms  DeleteObjects: 0.103300 ms)

========================================================================
Received Import Request.
  Time since last request: 66.318391 seconds.
  path: Assets/Prefabs/Player.prefab
  artifactKey: Guid(9f29d21859ce6424d944d3e9fb9bba99) Importer(815301076,1909f56bfc062723c751e8b465ee728b)
Start importing Assets/Prefabs/Player.prefab using Guid(9f29d21859ce6424d944d3e9fb9bba99) Importer(815301076,1909f56bfc062723c751e8b465ee728b)  -> (artifact id: 'b7b9d9e40a6d6ec669507b1076263190') in 0.045117 seconds
  Import took 0.068732 seconds .

========================================================================
Received Import Request.
  Time since last request: 78.156921 seconds.
  path: Assets/Scenes/Main.unity
  artifactKey: Guid(8e59044552276e04c9defec50b732196) Importer(815301076,1909f56bfc062723c751e8b465ee728b)
Start importing Assets/Scenes/Main.unity using Guid(8e59044552276e04c9defec50b732196) Importer(815301076,1909f56bfc062723c751e8b465ee728b)  -> (artifact id: '4a27d283231cec9c8351bed944550358') in 0.007239 seconds
  Import took 0.010592 seconds .

========================================================================
Received Prepare
Registering precompiled user dll's ...
Registered in 0.003017 seconds.
Begin MonoManager ReloadAssembly
Native extension for WindowsStandalone target not found
Native extension for WebGL target not found
Refreshing native plugins compatible for Editor in 0.50 ms, found 3 plugins.
Preloading 0 native plugins for Editor in 0.00 ms.
Mono: successfully reloaded assembly
- Completed reload, in  0.853 seconds
Platform modules already initialized, skipping
OnLevelWasLoaded was found on GameManager1
This message has been deprecated and will be removed in a later version of Unity.
Add a delegate to SceneManager.sceneLoaded instead to get notifications after scene loading has completed

Refreshing native plugins compatible for Editor in 0.53 ms, found 3 plugins.
Preloading 0 native plugins for Editor in 0.00 ms.
Unloading 2095 Unused Serialized files (Serialized files now loaded: 0)
System memory in use before: 93.6 MB.
System memory in use after: 93.6 MB.

Unloading 21 unused Assets to reduce memory usage. Loaded Objects now: 2543.
Total: 2.065100 ms (FindLiveObjects: 0.211300 ms CreateObjectMapping: 0.054700 ms MarkObjects: 1.688000 ms  DeleteObjects: 0.110000 ms)

========================================================================
Received Import Request.
  Time since last request: 10.071712 seconds.
  path: Assets/Scenes/Main.unity
  artifactKey: Guid(8e59044552276e04c9defec50b732196) Importer(815301076,1909f56bfc062723c751e8b465ee728b)
Start importing Assets/Scenes/Main.unity using Guid(8e59044552276e04c9defec50b732196) Importer(815301076,1909f56bfc062723c751e8b465ee728b)  -> (artifact id: 'cda8857454013fff4d4f92c873db3194') in 0.009871 seconds
  Import took 0.012806 seconds .

========================================================================
Received Prepare
Registering precompiled user dll's ...
Registered in 0.002861 seconds.
Begin MonoManager ReloadAssembly
Native extension for WindowsStandalone target not found
Native extension for WebGL target not found
Refreshing native plugins compatible for Editor in 0.54 ms, found 3 plugins.
Preloading 0 native plugins for Editor in 0.00 ms.
Mono: successfully reloaded assembly
- Completed reload, in  0.842 seconds
Platform modules already initialized, skipping
OnLevelWasLoaded was found on GameManager1
This message has been deprecated and will be removed in a later version of Unity.
Add a delegate to SceneManager.sceneLoaded instead to get notifications after scene loading has completed

Refreshing native plugins compatible for Editor in 0.49 ms, found 3 plugins.
Preloading 0 native plugins for Editor in 0.00 ms.
Unloading 2095 Unused Serialized files (Serialized files now loaded: 0)
System memory in use before: 93.7 MB.
System memory in use after: 93.7 MB.

Unloading 21 unused Assets to reduce memory usage. Loaded Objects now: 2547.
Total: 2.052100 ms (FindLiveObjects: 0.208600 ms CreateObjectMapping: 0.055700 ms MarkObjects: 1.676100 ms  DeleteObjects: 0.110800 ms)

========================================================================
Received Import Request.
  Time since last request: 1761.049674 seconds.
  path: Assets/TutorialInfo/Fonts/Roboto-Thin.ttf
  artifactKey: Guid(826c6ae75667a440f8d925b3ff94a03f) Importer(815301076,1909f56bfc062723c751e8b465ee728b)
Start importing Assets/TutorialInfo/Fonts/Roboto-Thin.ttf using Guid(826c6ae75667a440f8d925b3ff94a03f) Importer(815301076,1909f56bfc062723c751e8b465ee728b)  -> (artifact id: '6014e9cdec06602432047715098a8f67') in 0.090261 seconds
  Import took 0.104573 seconds .

========================================================================
Received Import Request.
  Time since last request: 0.000262 seconds.
  path: Assets/TutorialInfo/Fonts/RobotoCondensed-Bold.ttf
  artifactKey: Guid(b20f139c373fa4555a05cdd0036dfa44) Importer(815301076,1909f56bfc062723c751e8b465ee728b)
Start importing Assets/TutorialInfo/Fonts/RobotoCondensed-Bold.ttf using Guid(b20f139c373fa4555a05cdd0036dfa44) Importer(815301076,1909f56bfc062723c751e8b465ee728b)  -> (artifact id: '8ee1dfb38ccaa5b1dc2781b2e90a1317') in 0.012865 seconds
  Import took 0.015807 seconds .

========================================================================
Received Import Request.
  Time since last request: 90.232373 seconds.
  path: Assets/Scripts/Player.cs
  artifactKey: Guid(4361ee1630bcba94685fc90fe174b669) Importer(815301076,1909f56bfc062723c751e8b465ee728b)
Start importing Assets/Scripts/Player.cs using Guid(4361ee1630bcba94685fc90fe174b669) Importer(815301076,1909f56bfc062723c751e8b465ee728b)  -> (artifact id: '88f7d103c2eaa5c08f920a801ae4959a') in 0.008295 seconds
  Import took 0.011672 seconds .

========================================================================
Received Import Request.
  Time since last request: 0.297635 seconds.
  path: Assets/Scripts/Player.cs
  artifactKey: Guid(4361ee1630bcba94685fc90fe174b669) Importer(815301076,1909f56bfc062723c751e8b465ee728b)
Start importing Assets/Scripts/Player.cs using Guid(4361ee1630bcba94685fc90fe174b669) Importer(815301076,1909f56bfc062723c751e8b465ee728b)  -> (artifact id: '88f7d103c2eaa5c08f920a801ae4959a') in 0.001993 seconds
  Import took 0.005257 seconds .

========================================================================
Received Prepare
Registering precompiled user dll's ...
Registered in 0.002920 seconds.
Begin MonoManager ReloadAssembly
Native extension for WindowsStandalone target not found
Native extension for WebGL target not found
Refreshing native plugins compatible for Editor in 0.54 ms, found 3 plugins.
Preloading 0 native plugins for Editor in 0.00 ms.
Mono: successfully reloaded assembly
- Completed reload, in  0.856 seconds
Platform modules already initialized, skipping
OnLevelWasLoaded was found on GameManager1
This message has been deprecated and will be removed in a later version of Unity.
Add a delegate to SceneManager.sceneLoaded instead to get notifications after scene loading has completed

Refreshing native plugins compatible for Editor in 0.50 ms, found 3 plugins.
Preloading 0 native plugins for Editor in 0.00 ms.
Unloading 2095 Unused Serialized files (Serialized files now loaded: 0)
System memory in use before: 96.9 MB.
System memory in use after: 96.9 MB.

Unloading 21 unused Assets to reduce memory usage. Loaded Objects now: 2595.
Total: 2.487900 ms (FindLiveObjects: 0.216800 ms CreateObjectMapping: 0.053900 ms MarkObjects: 2.089200 ms  DeleteObjects: 0.126900 ms)

AssetImportWorkerClient::OnTransportError - code=2 error=End of file
