Using pre-set license
Built from '2020.3/staging' branch; Version is '2020.3.11f1 (99c7afb366b3) revision 10078127'; Using compiler version '192528614'; Build Type 'Release'
OS: 'Windows 10 Education; OS build 19041.985; Version 2004; 64bit' Language: 'ko' Physical Memory: 16313 MB
BatchMode: 1, IsHumanControllingUs: 0, StartBugReporterOnCrash: 0, Is64bit: 1, IsPro: 0

 COMMAND LINE ARGUMENTS:
C:\Program Files\Unity\Hub\Editor\2020.3.11f1\Editor\Unity.exe
-adb2
-batchMode
-noUpm
-name
AssetImportWorker0
-projectPath
D:/Unity/unity-2dgame-practice/2DGmaePractice
-logFile
Logs/AssetImportWorker0.log
-srvPort
10182
Successfully changed project path to: D:/Unity/unity-2dgame-practice/2DGmaePractice
D:/Unity/unity-2dgame-practice/2DGmaePractice
Using Asset Import Pipeline V2.
Refreshing native plugins compatible for Editor in 37.84 ms, found 3 plugins.
Preloading 0 native plugins for Editor in 0.00 ms.
Initialize engine version: 2020.3.11f1 (99c7afb366b3)
[Subsystems] Discovering subsystems at path C:/Program Files/Unity/Hub/Editor/2020.3.11f1/Editor/Data/Resources/UnitySubsystems
[Subsystems] Discovering subsystems at path D:/Unity/unity-2dgame-practice/2DGmaePractice/Assets
GfxDevice: creating device client; threaded=0
Direct3D:
    Version:  Direct3D 11.0 [level 11.1]
    Renderer: NVIDIA GeForce RTX 2060 SUPER (ID=0x1f06)
    Vendor:   
    VRAM:     8031 MB
    Driver:   27.21.14.5671
Initialize mono
Mono path[0] = 'C:/Program Files/Unity/Hub/Editor/2020.3.11f1/Editor/Data/Managed'
Mono path[1] = 'C:/Program Files/Unity/Hub/Editor/2020.3.11f1/Editor/Data/MonoBleedingEdge/lib/mono/unityjit'
Mono config path = 'C:/Program Files/Unity/Hub/Editor/2020.3.11f1/Editor/Data/MonoBleedingEdge/etc'
Using monoOptions --debugger-agent=transport=dt_socket,embedding=1,server=y,suspend=n,address=127.0.0.1:56104
Begin MonoManager ReloadAssembly
Registering precompiled unity dll's ...
Register platform support module: C:/Program Files/Unity/Hub/Editor/2020.3.11f1/Editor/Data/PlaybackEngines/WebGLSupport/UnityEditor.WebGL.Extensions.dll
Register platform support module: C:/Program Files/Unity/Hub/Editor/2020.3.11f1/Editor/Data/PlaybackEngines/WindowsStandaloneSupport/UnityEditor.WindowsStandalone.Extensions.dll
Registered in 0.002509 seconds.
Native extension for WindowsStandalone target not found
Native extension for WebGL target not found
Refreshing native plugins compatible for Editor in 42.17 ms, found 3 plugins.
Preloading 0 native plugins for Editor in 0.00 ms.
Mono: successfully reloaded assembly
- Completed reload, in  1.056 seconds
Platform modules already initialized, skipping
Registering precompiled user dll's ...
Registered in 0.002962 seconds.
Begin MonoManager ReloadAssembly
Native extension for WindowsStandalone target not found
Native extension for WebGL target not found
Refreshing native plugins compatible for Editor in 38.06 ms, found 3 plugins.
Preloading 0 native plugins for Editor in 0.00 ms.
Mono: successfully reloaded assembly
- Completed reload, in  1.005 seconds
Platform modules already initialized, skipping
========================================================================
Worker process is ready to serve import requests
Launched and connected shader compiler UnityShaderCompiler.exe after 0.05 seconds
Refreshing native plugins compatible for Editor in 0.51 ms, found 3 plugins.
Preloading 0 native plugins for Editor in 0.00 ms.
Unloading 2098 Unused Serialized files (Serialized files now loaded: 0)
System memory in use before: 93.4 MB.
System memory in use after: 93.4 MB.

Unloading 33 unused Assets to reduce memory usage. Loaded Objects now: 2532.
Total: 2.097100 ms (FindLiveObjects: 0.225700 ms CreateObjectMapping: 0.055500 ms MarkObjects: 1.686300 ms  DeleteObjects: 0.128600 ms)

========================================================================
Received Prepare
Registering precompiled user dll's ...
Registered in 0.002927 seconds.
Begin MonoManager ReloadAssembly
Native extension for WindowsStandalone target not found
Native extension for WebGL target not found
Refreshing native plugins compatible for Editor in 0.51 ms, found 3 plugins.
Preloading 0 native plugins for Editor in 0.00 ms.
Mono: successfully reloaded assembly
- Completed reload, in  0.859 seconds
Platform modules already initialized, skipping
Refreshing native plugins compatible for Editor in 0.52 ms, found 3 plugins.
Preloading 0 native plugins for Editor in 0.00 ms.
Unloading 2093 Unused Serialized files (Serialized files now loaded: 0)
System memory in use before: 93.3 MB.
System memory in use after: 93.3 MB.

Unloading 21 unused Assets to reduce memory usage. Loaded Objects now: 2536.
Total: 2.206500 ms (FindLiveObjects: 0.199300 ms CreateObjectMapping: 0.055800 ms MarkObjects: 1.845400 ms  DeleteObjects: 0.105100 ms)

========================================================================
Received Import Request.
  path: Assets/Prefabs/GameManager.prefab
  artifactKey: Guid(efa84cfdfbbd2674daf489a8111e18f0) Importer(815301076,1909f56bfc062723c751e8b465ee728b)
Start importing Assets/Prefabs/GameManager.prefab using Guid(efa84cfdfbbd2674daf489a8111e18f0) Importer(815301076,1909f56bfc062723c751e8b465ee728b)  -> (artifact id: 'ef0e07926b397892d985dca251bb49a5') in 0.070998 seconds
  Import took 0.075074 seconds .

========================================================================
Received Import Request.
  Time since last request: 0.004693 seconds.
  path: Assets/Prefabs/GameManager.prefab
  artifactKey: Guid(efa84cfdfbbd2674daf489a8111e18f0) Importer(815301076,1909f56bfc062723c751e8b465ee728b)
Start importing Assets/Prefabs/GameManager.prefab using Guid(efa84cfdfbbd2674daf489a8111e18f0) Importer(815301076,1909f56bfc062723c751e8b465ee728b)  -> (artifact id: 'ef0e07926b397892d985dca251bb49a5') in 0.010481 seconds
  Import took 0.014343 seconds .

========================================================================
Received Import Request.
  Time since last request: 6.088973 seconds.
  path: Assets/Scripts/Enemy.cs
  artifactKey: Guid(be2bd69d2338b7d46807565fd645d5aa) Importer(815301076,1909f56bfc062723c751e8b465ee728b)
Start importing Assets/Scripts/Enemy.cs using Guid(be2bd69d2338b7d46807565fd645d5aa) Importer(815301076,1909f56bfc062723c751e8b465ee728b)  -> (artifact id: 'a60d1962af7670eff596a119d9ba7382') in 0.008823 seconds
  Import took 0.020998 seconds .

========================================================================
Received Import Request.
  Time since last request: 0.001104 seconds.
  path: Assets/Scripts/Enemy.cs
  artifactKey: Guid(be2bd69d2338b7d46807565fd645d5aa) Importer(815301076,1909f56bfc062723c751e8b465ee728b)
Start importing Assets/Scripts/Enemy.cs using Guid(be2bd69d2338b7d46807565fd645d5aa) Importer(815301076,1909f56bfc062723c751e8b465ee728b)  -> (artifact id: 'a60d1962af7670eff596a119d9ba7382') in 0.001816 seconds
  Import took 0.005098 seconds .

========================================================================
Received Prepare
Registering precompiled user dll's ...
Registered in 0.002913 seconds.
Begin MonoManager ReloadAssembly
Native extension for WindowsStandalone target not found
Native extension for WebGL target not found
Refreshing native plugins compatible for Editor in 0.54 ms, found 3 plugins.
Preloading 0 native plugins for Editor in 0.00 ms.
Mono: successfully reloaded assembly
- Completed reload, in  0.894 seconds
Platform modules already initialized, skipping
Refreshing native plugins compatible for Editor in 0.89 ms, found 3 plugins.
Preloading 0 native plugins for Editor in 0.00 ms.
Unloading 2094 Unused Serialized files (Serialized files now loaded: 0)
System memory in use before: 93.4 MB.
System memory in use after: 93.4 MB.

Unloading 21 unused Assets to reduce memory usage. Loaded Objects now: 2541.
Total: 2.136200 ms (FindLiveObjects: 0.245000 ms CreateObjectMapping: 0.054300 ms MarkObjects: 1.716300 ms  DeleteObjects: 0.119600 ms)

========================================================================
Received Import Request.
  Time since last request: 53.912428 seconds.
  path: Assets/Scripts/Enemy.cs
  artifactKey: Guid(be2bd69d2338b7d46807565fd645d5aa) Importer(815301076,1909f56bfc062723c751e8b465ee728b)
Start importing Assets/Scripts/Enemy.cs using Guid(be2bd69d2338b7d46807565fd645d5aa) Importer(815301076,1909f56bfc062723c751e8b465ee728b)  -> (artifact id: '5e4aca0a53d0f5c090066ac3e4a3fc65') in 0.005318 seconds
  Import took 0.008943 seconds .

========================================================================
Received Import Request.
  Time since last request: 685.836735 seconds.
  path: Assets/Scripts/Enemy.cs
  artifactKey: Guid(be2bd69d2338b7d46807565fd645d5aa) Importer(815301076,1909f56bfc062723c751e8b465ee728b)
Start importing Assets/Scripts/Enemy.cs using Guid(be2bd69d2338b7d46807565fd645d5aa) Importer(815301076,1909f56bfc062723c751e8b465ee728b)  -> (artifact id: '45585e7a7bbe62d974bc34b54d0ef0c8') in 0.001970 seconds
  Import took 0.008424 seconds .

========================================================================
Received Prepare
Registering precompiled user dll's ...
Registered in 0.003070 seconds.
Begin MonoManager ReloadAssembly
Native extension for WindowsStandalone target not found
Native extension for WebGL target not found
Refreshing native plugins compatible for Editor in 0.50 ms, found 3 plugins.
Preloading 0 native plugins for Editor in 0.00 ms.
Mono: successfully reloaded assembly
- Completed reload, in  0.859 seconds
Platform modules already initialized, skipping
Refreshing native plugins compatible for Editor in 0.51 ms, found 3 plugins.
Preloading 0 native plugins for Editor in 0.00 ms.
Unloading 2094 Unused Serialized files (Serialized files now loaded: 0)
System memory in use before: 93.5 MB.
System memory in use after: 93.4 MB.

Unloading 21 unused Assets to reduce memory usage. Loaded Objects now: 2545.
Total: 2.029500 ms (FindLiveObjects: 0.200800 ms CreateObjectMapping: 0.052600 ms MarkObjects: 1.669200 ms  DeleteObjects: 0.105800 ms)

========================================================================
Received Import Request.
  Time since last request: 23.581124 seconds.
  path: Assets/Scripts/Enemy.cs
  artifactKey: Guid(be2bd69d2338b7d46807565fd645d5aa) Importer(815301076,1909f56bfc062723c751e8b465ee728b)
Start importing Assets/Scripts/Enemy.cs using Guid(be2bd69d2338b7d46807565fd645d5aa) Importer(815301076,1909f56bfc062723c751e8b465ee728b)  -> (artifact id: 'fc443c5826629dc2830e10b2e5a663e8') in 0.004920 seconds
  Import took 0.008226 seconds .

========================================================================
Received Prepare
Registering precompiled user dll's ...
Registered in 0.003578 seconds.
Begin MonoManager ReloadAssembly
Native extension for WindowsStandalone target not found
Native extension for WebGL target not found
Refreshing native plugins compatible for Editor in 0.51 ms, found 3 plugins.
Preloading 0 native plugins for Editor in 0.00 ms.
Mono: successfully reloaded assembly
- Completed reload, in  0.858 seconds
Platform modules already initialized, skipping
Refreshing native plugins compatible for Editor in 0.63 ms, found 3 plugins.
Preloading 0 native plugins for Editor in 0.00 ms.
Unloading 2094 Unused Serialized files (Serialized files now loaded: 0)
System memory in use before: 93.5 MB.
System memory in use after: 93.4 MB.

Unloading 21 unused Assets to reduce memory usage. Loaded Objects now: 2549.
Total: 2.234200 ms (FindLiveObjects: 0.224800 ms CreateObjectMapping: 0.053300 ms MarkObjects: 1.836600 ms  DeleteObjects: 0.118500 ms)

========================================================================
Received Import Request.
  Time since last request: 780.948442 seconds.
  path: Assets/Scripts/GameManager1.cs
  artifactKey: Guid(258dfbd889938b04da3f692c634e03fe) Importer(815301076,1909f56bfc062723c751e8b465ee728b)
Start importing Assets/Scripts/GameManager1.cs using Guid(258dfbd889938b04da3f692c634e03fe) Importer(815301076,1909f56bfc062723c751e8b465ee728b)  -> (artifact id: '78e16a308f974fe154991c933f5336bb') in 0.008254 seconds
  Import took 0.020364 seconds .

========================================================================
Received Import Request.
  Time since last request: 539.952794 seconds.
  path: Assets/Scripts/GameManager1.cs
  artifactKey: Guid(258dfbd889938b04da3f692c634e03fe) Importer(815301076,1909f56bfc062723c751e8b465ee728b)
Start importing Assets/Scripts/GameManager1.cs using Guid(258dfbd889938b04da3f692c634e03fe) Importer(815301076,1909f56bfc062723c751e8b465ee728b)  -> (artifact id: 'ac9f08b81b6d8d9d1aa3ef7262acc37d') in 0.002123 seconds
  Import took 0.016351 seconds .

========================================================================
Received Import Request.
  Time since last request: 27.600016 seconds.
  path: Assets/Scripts/GameManager1.cs
  artifactKey: Guid(258dfbd889938b04da3f692c634e03fe) Importer(815301076,1909f56bfc062723c751e8b465ee728b)
Start importing Assets/Scripts/GameManager1.cs using Guid(258dfbd889938b04da3f692c634e03fe) Importer(815301076,1909f56bfc062723c751e8b465ee728b)  -> (artifact id: 'ed82c60b741ed92fdd81485ee27b4cb5') in 0.002281 seconds
  Import took 0.012981 seconds .

========================================================================
Received Prepare
Registering precompiled user dll's ...
Registered in 0.003368 seconds.
Begin MonoManager ReloadAssembly
Native extension for WindowsStandalone target not found
Native extension for WebGL target not found
Refreshing native plugins compatible for Editor in 0.52 ms, found 3 plugins.
Preloading 0 native plugins for Editor in 0.00 ms.
Mono: successfully reloaded assembly
- Completed reload, in  0.844 seconds
Platform modules already initialized, skipping
Refreshing native plugins compatible for Editor in 0.48 ms, found 3 plugins.
Preloading 0 native plugins for Editor in 0.00 ms.
Unloading 2094 Unused Serialized files (Serialized files now loaded: 0)
System memory in use before: 93.5 MB.
System memory in use after: 93.5 MB.

Unloading 21 unused Assets to reduce memory usage. Loaded Objects now: 2553.
Total: 2.050800 ms (FindLiveObjects: 0.209700 ms CreateObjectMapping: 0.056100 ms MarkObjects: 1.678900 ms  DeleteObjects: 0.105200 ms)

========================================================================
Received Import Request.
  Time since last request: 21.277669 seconds.
  path: Assets/Scripts/GameManager1.cs
  artifactKey: Guid(258dfbd889938b04da3f692c634e03fe) Importer(815301076,1909f56bfc062723c751e8b465ee728b)
Start importing Assets/Scripts/GameManager1.cs using Guid(258dfbd889938b04da3f692c634e03fe) Importer(815301076,1909f56bfc062723c751e8b465ee728b)  -> (artifact id: '184ce1b388fc11da347a2e988133f7b3') in 0.004595 seconds
  Import took 0.007584 seconds .

========================================================================
Received Import Request.
  Time since last request: 14.180613 seconds.
  path: Assets/Prefabs/GameManager.prefab
  artifactKey: Guid(efa84cfdfbbd2674daf489a8111e18f0) Importer(815301076,1909f56bfc062723c751e8b465ee728b)
Start importing Assets/Prefabs/GameManager.prefab using Guid(efa84cfdfbbd2674daf489a8111e18f0) Importer(815301076,1909f56bfc062723c751e8b465ee728b)  -> (artifact id: '5878679c206232d7fc5cbb6e0fa251ee') in 0.027089 seconds
  Import took 0.051477 seconds .

========================================================================
Received Import Request.
  Time since last request: 7.209851 seconds.
  path: Assets/Prefabs/Enemy1.prefab
  artifactKey: Guid(af51afd145a954146aa0545afaf987ee) Importer(815301076,1909f56bfc062723c751e8b465ee728b)
Start importing Assets/Prefabs/Enemy1.prefab using Guid(af51afd145a954146aa0545afaf987ee) Importer(815301076,1909f56bfc062723c751e8b465ee728b)  -> (artifact id: '0d224c20534eaf6cd0f10823c744ed25') in 0.008000 seconds
  Import took 0.017816 seconds .

========================================================================
Received Import Request.
  Time since last request: 0.000227 seconds.
  path: Assets/Prefabs/Enemy2.prefab
  artifactKey: Guid(6a38095bbd55b8c449bc840f176b4488) Importer(815301076,1909f56bfc062723c751e8b465ee728b)
Start importing Assets/Prefabs/Enemy2.prefab using Guid(6a38095bbd55b8c449bc840f176b4488) Importer(815301076,1909f56bfc062723c751e8b465ee728b)  -> (artifact id: '0a7478117e2668991114da6f3476ff98') in 0.007347 seconds
  Import took 0.015134 seconds .

========================================================================
Received Import Request.
  Time since last request: 6.444516 seconds.
  path: Assets/Prefabs/Enemy1.prefab
  artifactKey: Guid(af51afd145a954146aa0545afaf987ee) Importer(815301076,1909f56bfc062723c751e8b465ee728b)
Start importing Assets/Prefabs/Enemy1.prefab using Guid(af51afd145a954146aa0545afaf987ee) Importer(815301076,1909f56bfc062723c751e8b465ee728b)  -> (artifact id: '6bf54bf62bdcb8aa6b3491843834d3fb') in 0.003274 seconds
  Import took 0.016722 seconds .

========================================================================
Received Import Request.
  Time since last request: 0.000214 seconds.
  path: Assets/Prefabs/Enemy2.prefab
  artifactKey: Guid(6a38095bbd55b8c449bc840f176b4488) Importer(815301076,1909f56bfc062723c751e8b465ee728b)
Start importing Assets/Prefabs/Enemy2.prefab using Guid(6a38095bbd55b8c449bc840f176b4488) Importer(815301076,1909f56bfc062723c751e8b465ee728b)  -> (artifact id: '9b62a0ab5a03dbe4f50d6cd4463ce0dd') in 0.003580 seconds
  Import took 0.006527 seconds .

========================================================================
Received Import Request.
  Time since last request: 20.450912 seconds.
  path: Assets/Prefabs/Enemy1.prefab
  artifactKey: Guid(af51afd145a954146aa0545afaf987ee) Importer(815301076,1909f56bfc062723c751e8b465ee728b)
Start importing Assets/Prefabs/Enemy1.prefab using Guid(af51afd145a954146aa0545afaf987ee) Importer(815301076,1909f56bfc062723c751e8b465ee728b)  -> (artifact id: '6424549bc6f9a6d93c7eda717b15944d') in 0.003532 seconds
  Import took 0.007064 seconds .

========================================================================
Received Import Request.
  Time since last request: 5.363612 seconds.
  path: Assets/Prefabs/Enemy2.prefab
  artifactKey: Guid(6a38095bbd55b8c449bc840f176b4488) Importer(815301076,1909f56bfc062723c751e8b465ee728b)
Start importing Assets/Prefabs/Enemy2.prefab using Guid(6a38095bbd55b8c449bc840f176b4488) Importer(815301076,1909f56bfc062723c751e8b465ee728b)  -> (artifact id: 'fa30bffdacdbd6e77efa5e6c08113c72') in 0.003170 seconds
  Import took 0.014995 seconds .

========================================================================
Received Prepare
Registering precompiled user dll's ...
Registered in 0.003704 seconds.
Begin MonoManager ReloadAssembly
Native extension for WindowsStandalone target not found
Native extension for WebGL target not found
Refreshing native plugins compatible for Editor in 0.56 ms, found 3 plugins.
Preloading 0 native plugins for Editor in 0.00 ms.
Mono: successfully reloaded assembly
- Completed reload, in  0.989 seconds
Platform modules already initialized, skipping
Refreshing native plugins compatible for Editor in 0.56 ms, found 3 plugins.
Preloading 0 native plugins for Editor in 0.00 ms.
Unloading 2094 Unused Serialized files (Serialized files now loaded: 0)
System memory in use before: 93.5 MB.
System memory in use after: 93.5 MB.

Unloading 21 unused Assets to reduce memory usage. Loaded Objects now: 2557.
Total: 2.561200 ms (FindLiveObjects: 0.261000 ms CreateObjectMapping: 0.055600 ms MarkObjects: 2.138700 ms  DeleteObjects: 0.104800 ms)

========================================================================
Received Import Request.
  Time since last request: 213.842882 seconds.
  path: Assets/Scripts/Player.cs
  artifactKey: Guid(4361ee1630bcba94685fc90fe174b669) Importer(815301076,1909f56bfc062723c751e8b465ee728b)
Start importing Assets/Scripts/Player.cs using Guid(4361ee1630bcba94685fc90fe174b669) Importer(815301076,1909f56bfc062723c751e8b465ee728b)  -> (artifact id: 'd95d0f73eb5189ec648bd895f8871f22') in 0.008496 seconds
  Import took 0.022988 seconds .

========================================================================
Received Import Request.
  Time since last request: 0.001539 seconds.
  path: Assets/Scripts/Player.cs
  artifactKey: Guid(4361ee1630bcba94685fc90fe174b669) Importer(815301076,1909f56bfc062723c751e8b465ee728b)
Start importing Assets/Scripts/Player.cs using Guid(4361ee1630bcba94685fc90fe174b669) Importer(815301076,1909f56bfc062723c751e8b465ee728b)  -> (artifact id: 'd95d0f73eb5189ec648bd895f8871f22') in 0.002059 seconds
  Import took 0.004524 seconds .

========================================================================
Received Prepare
Registering precompiled user dll's ...
Registered in 0.003537 seconds.
Begin MonoManager ReloadAssembly
Native extension for WindowsStandalone target not found
Native extension for WebGL target not found
Refreshing native plugins compatible for Editor in 0.54 ms, found 3 plugins.
Preloading 0 native plugins for Editor in 0.00 ms.
Mono: successfully reloaded assembly
- Completed reload, in  0.984 seconds
Platform modules already initialized, skipping
Refreshing native plugins compatible for Editor in 0.53 ms, found 3 plugins.
Preloading 0 native plugins for Editor in 0.00 ms.
Unloading 2094 Unused Serialized files (Serialized files now loaded: 0)
System memory in use before: 93.5 MB.
System memory in use after: 93.5 MB.

Unloading 21 unused Assets to reduce memory usage. Loaded Objects now: 2561.
Total: 2.576100 ms (FindLiveObjects: 0.223500 ms CreateObjectMapping: 0.055200 ms MarkObjects: 2.180800 ms  DeleteObjects: 0.115300 ms)

========================================================================
Received Prepare
Registering precompiled user dll's ...
Registered in 0.003103 seconds.
Begin MonoManager ReloadAssembly
Native extension for WindowsStandalone target not found
Native extension for WebGL target not found
Refreshing native plugins compatible for Editor in 0.51 ms, found 3 plugins.
Preloading 0 native plugins for Editor in 0.00 ms.
Mono: successfully reloaded assembly
- Completed reload, in  0.865 seconds
Platform modules already initialized, skipping
Refreshing native plugins compatible for Editor in 0.52 ms, found 3 plugins.
Preloading 0 native plugins for Editor in 0.00 ms.
Unloading 2094 Unused Serialized files (Serialized files now loaded: 0)
System memory in use before: 93.5 MB.
System memory in use after: 93.5 MB.

Unloading 21 unused Assets to reduce memory usage. Loaded Objects now: 2565.
Total: 2.054600 ms (FindLiveObjects: 0.202900 ms CreateObjectMapping: 0.054000 ms MarkObjects: 1.690100 ms  DeleteObjects: 0.106500 ms)

========================================================================
Received Import Request.
  Time since last request: 1390.484373 seconds.
  path: Assets/Prefabs/Enemy1.prefab
  artifactKey: Guid(af51afd145a954146aa0545afaf987ee) Importer(815301076,1909f56bfc062723c751e8b465ee728b)
Start importing Assets/Prefabs/Enemy1.prefab using Guid(af51afd145a954146aa0545afaf987ee) Importer(815301076,1909f56bfc062723c751e8b465ee728b)  -> (artifact id: '2522ebe198adbf2b0ca154dc4e7b8d8a') in 0.023554 seconds
  Import took 0.035165 seconds .

========================================================================
Received Prepare
Registering precompiled user dll's ...
Registered in 0.003252 seconds.
Begin MonoManager ReloadAssembly
Native extension for WindowsStandalone target not found
Native extension for WebGL target not found
Refreshing native plugins compatible for Editor in 0.56 ms, found 3 plugins.
Preloading 0 native plugins for Editor in 0.00 ms.
Mono: successfully reloaded assembly
- Completed reload, in  0.909 seconds
Platform modules already initialized, skipping
Refreshing native plugins compatible for Editor in 0.56 ms, found 3 plugins.
Preloading 0 native plugins for Editor in 0.00 ms.
Unloading 2094 Unused Serialized files (Serialized files now loaded: 0)
System memory in use before: 93.5 MB.
System memory in use after: 93.5 MB.

Unloading 21 unused Assets to reduce memory usage. Loaded Objects now: 2569.
Total: 2.178600 ms (FindLiveObjects: 0.214300 ms CreateObjectMapping: 0.056100 ms MarkObjects: 1.800300 ms  DeleteObjects: 0.106800 ms)

========================================================================
Received Import Request.
  Time since last request: 8.269982 seconds.
  path: Assets/Prefabs/Enemy2.prefab
  artifactKey: Guid(6a38095bbd55b8c449bc840f176b4488) Importer(815301076,1909f56bfc062723c751e8b465ee728b)
Start importing Assets/Prefabs/Enemy2.prefab using Guid(6a38095bbd55b8c449bc840f176b4488) Importer(815301076,1909f56bfc062723c751e8b465ee728b)  -> (artifact id: '4d8b6dcdd5b440174a47b70a7e08eb25') in 0.022721 seconds
  Import took 0.026252 seconds .

========================================================================
Received Prepare
Registering precompiled user dll's ...
Registered in 0.003014 seconds.
Begin MonoManager ReloadAssembly
Native extension for WindowsStandalone target not found
Native extension for WebGL target not found
Refreshing native plugins compatible for Editor in 0.54 ms, found 3 plugins.
Preloading 0 native plugins for Editor in 0.00 ms.
Mono: successfully reloaded assembly
- Completed reload, in  0.861 seconds
Platform modules already initialized, skipping
Refreshing native plugins compatible for Editor in 0.50 ms, found 3 plugins.
Preloading 0 native plugins for Editor in 0.00 ms.
Unloading 2094 Unused Serialized files (Serialized files now loaded: 0)
System memory in use before: 93.5 MB.
System memory in use after: 93.5 MB.

Unloading 21 unused Assets to reduce memory usage. Loaded Objects now: 2573.
Total: 2.062100 ms (FindLiveObjects: 0.206100 ms CreateObjectMapping: 0.054400 ms MarkObjects: 1.692200 ms  DeleteObjects: 0.108600 ms)

========================================================================
Received Prepare
Registering precompiled user dll's ...
Registered in 0.003103 seconds.
Begin MonoManager ReloadAssembly
Native extension for WindowsStandalone target not found
Native extension for WebGL target not found
Refreshing native plugins compatible for Editor in 0.50 ms, found 3 plugins.
Preloading 0 native plugins for Editor in 0.00 ms.
Mono: successfully reloaded assembly
- Completed reload, in  0.852 seconds
Platform modules already initialized, skipping
Refreshing native plugins compatible for Editor in 0.51 ms, found 3 plugins.
Preloading 0 native plugins for Editor in 0.00 ms.
Unloading 2094 Unused Serialized files (Serialized files now loaded: 0)
System memory in use before: 93.5 MB.
System memory in use after: 93.5 MB.

Unloading 21 unused Assets to reduce memory usage. Loaded Objects now: 2577.
Total: 2.034900 ms (FindLiveObjects: 0.206800 ms CreateObjectMapping: 0.052700 ms MarkObjects: 1.671400 ms  DeleteObjects: 0.103000 ms)

========================================================================
Received Prepare
Registering precompiled user dll's ...
Registered in 0.002967 seconds.
Begin MonoManager ReloadAssembly
Native extension for WindowsStandalone target not found
Native extension for WebGL target not found
Refreshing native plugins compatible for Editor in 0.64 ms, found 3 plugins.
Preloading 0 native plugins for Editor in 0.00 ms.
Mono: successfully reloaded assembly
- Completed reload, in  0.879 seconds
Platform modules already initialized, skipping
Refreshing native plugins compatible for Editor in 0.53 ms, found 3 plugins.
Preloading 0 native plugins for Editor in 0.00 ms.
Unloading 2094 Unused Serialized files (Serialized files now loaded: 0)
System memory in use before: 93.6 MB.
System memory in use after: 93.5 MB.

Unloading 21 unused Assets to reduce memory usage. Loaded Objects now: 2581.
Total: 2.150400 ms (FindLiveObjects: 0.233900 ms CreateObjectMapping: 0.055100 ms MarkObjects: 1.752200 ms  DeleteObjects: 0.107900 ms)

AssetImportWorkerClient::OnTransportError - code=2 error=End of file
